<?xml version="1.0" encoding="UTF-8"?>
<testsuite xmlns:xsi="http://www.w3.org/2001/XMLSchema-instance" xsi:noNamespaceSchemaLocation="https://maven.apache.org/surefire/maven-surefire-plugin/xsd/surefire-test-report-3.0.xsd" version="3.0" name="com.example.backend.controller.ReviewControllerTest" time="3.566" tests="16" errors="0" skipped="0" failures="0">
  <properties>
[...]
</properties>
  <testcase name="testCreateReview_Variation_InvalidOrderItem" classname="com.example.backend.controller.ReviewControllerTest" time="0.315">
    <system-out><![CDATA[22:45:24.490 [main] INFO org.springframework.test.context.support.AnnotationConfigContextLoaderUtils -- Could not detect default configuration classes for test class [com.example.backend.controller.ReviewControllerTest]: ReviewControllerTest does not declare any static, non-private, non-final, nested classes annotated with @Configuration.
22:45:24.768 [main] INFO org.springframework.boot.test.context.SpringBootTestContextBootstrapper -- Found @SpringBootConfiguration com.example.backend.BackendApplication for test class com.example.backend.controller.ReviewControllerTest
22:45:24.973 [main] INFO org.springframework.boot.devtools.restart.RestartApplicationListener -- Restart disabled due to context in which it is running

  .   ____          _            __ _ _
 /\\ / ___'_ __ _ _(_)_ __  __ _ \ \ \ \
( ( )\___ | '_ | '_| | '_ \/ _` | \ \ \ \
 \\/  ___)| |_)| | | | | || (_| |  ) ) ) )
  '  |____| .__|_| |_|_| |_\__, | / / / /
 =========|_|==============|___/=/_/_/_/

 :: Spring Boot ::               (v3.3.13)

2025-11-25T22:45:25.601+07:00  INFO 30368 --- [           main] c.e.b.controller.ReviewControllerTest    : Starting ReviewControllerTest using Java 17.0.17 with PID 30368 (started by act22 in C:\Users\act22\Documents\GitHub\FISHERMEN\backend)
2025-11-25T22:45:25.604+07:00  INFO 30368 --- [           main] c.e.b.controller.ReviewControllerTest    : No active profile set, falling back to 1 default profile: "default"
2025-11-25T22:45:27.295+07:00  INFO 30368 --- [           main] o.s.b.t.m.w.SpringBootMockServletContext : Initializing Spring TestDispatcherServlet ''
2025-11-25T22:45:27.295+07:00  INFO 30368 --- [           main] o.s.t.web.servlet.TestDispatcherServlet  : Initializing Servlet ''
2025-11-25T22:45:27.299+07:00  INFO 30368 --- [           main] o.s.t.web.servlet.TestDispatcherServlet  : Completed initialization in 3 ms
2025-11-25T22:45:27.342+07:00  INFO 30368 --- [           main] c.e.b.controller.ReviewControllerTest    : Started ReviewControllerTest in 2.392 seconds (process running for 6.196)
]]></system-out>
  </testcase>
  <testcase name="testUpdateReview_BaseChoice_FullUpdate" classname="com.example.backend.controller.ReviewControllerTest" time="0.029"/>
  <testcase name="testCreateReview_Variation_ReviewExists" classname="com.example.backend.controller.ReviewControllerTest" time="0.004"/>
  <testcase name="testGetAllReviews_BaseChoice" classname="com.example.backend.controller.ReviewControllerTest" time="0.014"/>
  <testcase name="testDeleteReview_Variation_InvalidId" classname="com.example.backend.controller.ReviewControllerTest" time="0.004"/>
  <testcase name="testGetReviewsByBuyerId_BaseChoice" classname="com.example.backend.controller.ReviewControllerTest" time="0.021"/>
  <testcase name="testCreateReview_Variation_InvalidBuyer" classname="com.example.backend.controller.ReviewControllerTest" time="0.008"/>
  <testcase name="testUpdateReview_Variation_InvalidId" classname="com.example.backend.controller.ReviewControllerTest" time="0.005"/>
  <testcase name="testUpdateReview_BaseChoice_RatingOnly" classname="com.example.backend.controller.ReviewControllerTest" time="0.004"/>
  <testcase name="testCreateReview_Variation_UnauthorizedBuyer" classname="com.example.backend.controller.ReviewControllerTest" time="0.005"/>
  <testcase name="testGetReviewById_BaseChoice_ValidId" classname="com.example.backend.controller.ReviewControllerTest" time="0.008"/>
  <testcase name="testCreateReview_BaseChoice_Positive" classname="com.example.backend.controller.ReviewControllerTest" time="0.005"/>
  <testcase name="testUpdateReview_BaseChoice_CommentOnly" classname="com.example.backend.controller.ReviewControllerTest" time="0.008"/>
  <testcase name="testCreateReview_BaseChoice_Negative" classname="com.example.backend.controller.ReviewControllerTest" time="0.006"/>
  <testcase name="testDeleteReview_BaseChoice_ValidId" classname="com.example.backend.controller.ReviewControllerTest" time="0.008"/>
  <testcase name="testGetReviewById_Variation_InvalidId" classname="com.example.backend.controller.ReviewControllerTest" time="0.004"/>
</testsuite>